<?xml version="1.0" encoding="UTF-8"?>
<testng-results ignored="0" total="1" passed="1" failed="0" skipped="0">
  <reporter-output>
  </reporter-output>
  <suite started-at="2023-05-09T18:27:19 IST" name="Default suite" finished-at="2023-05-09T18:27:24 IST" duration-ms="5824">
    <groups>
    </groups>
    <test started-at="2023-05-09T18:27:19 IST" name="Default test" finished-at="2023-05-09T18:27:24 IST" duration-ms="5824">
      <class name="com.mohs10.Report.PDFReportTest">
        <test-method is-config="true" signature="generateReport()[pri:0, instance:com.mohs10.Report.PDFReportTest@131774fe]" started-at="2023-05-09T18:27:19 IST" name="generateReport" finished-at="2023-05-09T18:27:19 IST" duration-ms="272" status="PASS">
          <reporter-output>
          </reporter-output>
        </test-method> <!-- generateReport -->
        <test-method is-config="true" signature="beforeClass()[pri:0, instance:com.mohs10.Report.PDFReportTest@131774fe]" started-at="2023-05-09T18:27:19 IST" name="beforeClass" finished-at="2023-05-09T18:27:22 IST" duration-ms="2968" status="PASS">
          <reporter-output>
          </reporter-output>
        </test-method> <!-- beforeClass -->
        <test-method is-config="true" signature="methodName(java.lang.reflect.Method)[pri:0, instance:com.mohs10.Report.PDFReportTest@131774fe]" started-at="2023-05-09T18:27:22 IST" name="methodName" finished-at="2023-05-09T18:27:22 IST" duration-ms="10" status="PASS">
          <params>
            <param index="0">
              <value>
                <![CDATA[public void com.mohs10.Report.PDFReportTest.PDFreports() throws java.io.IOException,java.lang.InterruptedException]]>
              </value>
            </param>
          </params>
          <reporter-output>
          </reporter-output>
        </test-method> <!-- methodName -->
        <test-method signature="PDFreports()[pri:0, instance:com.mohs10.Report.PDFReportTest@131774fe]" started-at="2023-05-09T18:27:22 IST" name="PDFreports" finished-at="2023-05-09T18:27:24 IST" duration-ms="2120" status="PASS">
          <reporter-output>
          </reporter-output>
        </test-method> <!-- PDFreports -->
        <test-method is-config="true" signature="tearDown()[pri:0, instance:com.mohs10.Report.PDFReportTest@131774fe]" started-at="2023-05-09T18:27:24 IST" name="tearDown" finished-at="2023-05-09T18:27:24 IST" duration-ms="9" status="PASS">
          <reporter-output>
          </reporter-output>
        </test-method> <!-- tearDown -->
        <test-method is-config="true" signature="afterClass()[pri:0, instance:com.mohs10.Report.PDFReportTest@131774fe]" started-at="2023-05-09T18:27:24 IST" name="afterClass" finished-at="2023-05-09T18:27:24 IST" duration-ms="408" status="PASS">
          <reporter-output>
          </reporter-output>
        </test-method> <!-- afterClass -->
      </class> <!-- com.mohs10.Report.PDFReportTest -->
    </test> <!-- Default test -->
  </suite> <!-- Default suite -->
</testng-results>
